// 同步 ID: 382f32d9 @ Tue Jun 30 17:36:33 UTC 2026
// 同步 ID: 2bd24ac7 @ Wed Jul  1 12:27:37 UTC 2026
// 重构日志: a344f529
// 重构日志: 9f7b076c
// 重构日志: a9b57408
// 重构日志: 10b3c131
// 重构日志: fd41fe3d
// 重构日志: 887a2ea0
// 重构日志: 1e584f47
// 同步 ID: 610ea8af @ Fri Jul 10 10:48:41 UTC 2026
// 同步 ID: 8ae1350a @ Sun Jul 12 11:57:48 UTC 2026
// 同步 ID: 4241cc59 @ Sun Jul 12 16:15:47 UTC 2026
// 重构日志: 9a1bda80
// 同步 ID: 704a2788 @ Tue Jul 14 08:18:03 UTC 2026
// 重构日志: 2adf352d
// 重构日志: 069304c1
// 重构日志: ad3c5442
// 重构日志: 28d255df
// 重构日志: f8d53eec
// 重构日志: c41e7217
// 同步 ID: 392dba27 @ Wed Jul 22 18:33:04 UTC 2026
// 重构日志: 92af49d9
